<testsuite disabled="0" errors="0" failures="0" name="test_invalid_job" skipped="0" tests="1" time="14.214869976">
		<testcase name="test_invalid_job" time="14.214870" />
	</testsuite>
